SF:/Users/crdzbird/flutterApps/haptic_morse/lib/src/haptic_morse.dart
DA:19,1
DA:30,1
DA:47,1
DA:57,1
DA:70,1
DA:125,1
DA:126,6
DA:135,1
DA:136,1
DA:137,2
DA:139,2
DA:140,4
DA:146,2
DA:147,4
DA:162,1
DA:163,2
DA:165,1
DA:168,3
DA:169,2
DA:172,1
DA:173,2
DA:178,1
DA:184,1
DA:185,2
DA:186,2
DA:189,3
DA:190,1
DA:191,4
DA:195,3
DA:196,2
DA:201,6
DA:202,2
DA:215,1
DA:216,1
DA:218,1
DA:221,3
DA:222,2
DA:225,1
DA:227,1
DA:233,1
DA:237,1
DA:240,1
DA:241,2
DA:242,2
DA:244,1
DA:248,1
DA:257,1
DA:258,1
DA:259,2
DA:262,1
DA:263,1
DA:265,1
DA:267,1
LF:53
LH:53
end_of_record
