SF:/Users/crdzbird/flutterApps/haptic_morse/lib/src/haptic_morse.dart
DA:19,1
DA:30,1
DA:47,1
DA:57,1
DA:70,1
DA:125,3
DA:134,1
DA:135,1
DA:136,2
DA:138,2
DA:139,4
DA:145,2
DA:146,4
DA:161,1
DA:162,2
DA:164,1
DA:167,3
DA:168,2
DA:171,1
DA:172,2
DA:177,1
DA:184,1
DA:185,2
DA:186,2
DA:189,3
DA:190,1
DA:191,4
DA:195,3
DA:196,2
DA:201,6
DA:202,2
DA:215,1
DA:216,1
DA:218,1
DA:221,3
DA:222,2
DA:225,1
DA:227,1
DA:233,1
DA:237,1
DA:241,1
DA:242,2
DA:243,2
DA:245,1
DA:249,1
DA:258,1
DA:259,1
DA:260,2
DA:263,1
DA:264,1
DA:266,1
DA:268,1
LF:52
LH:52
end_of_record
